17:20:23 - INFO | 81 | - playG.py - File validation start...
17:20:23 - INFO | 104 | - playG.py - File validation end..
17:20:23 - INFO | 367 | - playG.py - file Validation Complete
17:20:23 - INFO | 114 | - playG.py - Header validation start...
17:20:23 - INFO | 132 | - playG.py - Header validation end...
17:20:23 - INFO | 381 | - playG.py - Header Validation Complete
17:20:23 - INFO | 295 | - playG.py - Starting sorting on file: ../data/csv/1000row.csv by column: ID
17:20:23 - INFO | 211 | - playG.py - processing chunking with chunk  size of: 200
17:20:23 - INFO | 232 | - playG.py - processing done for chunk: 1
17:20:23 - INFO | 232 | - playG.py - processing done for chunk: 2
17:20:23 - INFO | 232 | - playG.py - processing done for chunk: 3
17:20:23 - INFO | 232 | - playG.py - processing done for chunk: 4
17:20:23 - INFO | 232 | - playG.py - processing done for chunk: 5
17:20:23 - INFO | 246 | - playG.py - Chunking process done
17:20:23 - INFO | 250 | - playG.py - Merging all chunked files...
17:20:23 - INFO | 273 | - playG.py - Your have set backup option: True
17:20:23 - INFO | 277 | - playG.py - backup done, file stored at: backups/1000row.csv.bck
17:20:23 - INFO | 279 | - playG.py - New sorted file override.
17:20:23 - INFO | 332 | - playG.py - Sorting completed successfully.
18:22:28 - INFO | 81 | - playG.py - File validation start...
18:22:28 - INFO | 104 | - playG.py - File validation end..
18:22:28 - INFO | 387 | - playG.py - file Validation Complete
18:22:28 - INFO | 114 | - playG.py - Header validation start...
18:22:28 - INFO | 132 | - playG.py - Header validation end...
18:22:28 - INFO | 401 | - playG.py - Header Validation Complete
18:22:28 - INFO | 295 | - playG.py - Starting sorting on file: ../data/csv/oldFile.csv by column: ID
18:22:28 - INFO | 211 | - playG.py - processing chunking with chunk  size of: 200
18:22:28 - INFO | 232 | - playG.py - processing done for chunk: 1
18:22:28 - INFO | 232 | - playG.py - processing done for chunk: 2
18:22:28 - INFO | 232 | - playG.py - processing done for chunk: 3
18:22:28 - INFO | 232 | - playG.py - processing done for chunk: 4
18:22:28 - INFO | 244 | - playG.py - processing done for chunk: 5
18:22:28 - INFO | 246 | - playG.py - Chunking process done
18:22:28 - INFO | 250 | - playG.py - Merging all chunked files...
18:22:28 - ERROR | 334 | - playG.py - Unexpected error occurred: [Errno 2] No such file or directory: 'SortedFiles/sorted_file.csv'
Traceback (most recent call last):
  File "/home/jay/work/scripts/AUP/tools/playG.py", line 322, in sortFile
    merge_chunks(temp_files, sorted_path, col_index, headers)
  File "/home/jay/work/scripts/AUP/tools/playG.py", line 262, in merge_chunks
    with open(output_path, "w", newline='', encoding='utf-8') as out_file:
         ^^^^^^^^^^^^^^^^^^^^^^^^^^^^^^^^^^^^^^^^^^^^^^^^^^^^
FileNotFoundError: [Errno 2] No such file or directory: 'SortedFiles/sorted_file.csv'
18:23:49 - INFO | 81 | - playG.py - File validation start...
18:23:49 - INFO | 104 | - playG.py - File validation end..
18:23:49 - INFO | 387 | - playG.py - file Validation Complete
18:23:49 - INFO | 114 | - playG.py - Header validation start...
18:23:49 - INFO | 132 | - playG.py - Header validation end...
18:23:49 - INFO | 401 | - playG.py - Header Validation Complete
18:23:49 - INFO | 295 | - playG.py - Starting sorting on file: ../data/csv/oldFile.csv by column: ID
18:23:49 - INFO | 211 | - playG.py - processing chunking with chunk  size of: 200
18:23:49 - INFO | 232 | - playG.py - processing done for chunk: 1
18:23:49 - INFO | 232 | - playG.py - processing done for chunk: 2
18:23:49 - INFO | 232 | - playG.py - processing done for chunk: 3
18:23:49 - INFO | 232 | - playG.py - processing done for chunk: 4
18:23:49 - INFO | 244 | - playG.py - processing done for chunk: 5
18:23:49 - INFO | 246 | - playG.py - Chunking process done
18:23:49 - INFO | 250 | - playG.py - Merging all chunked files...
18:23:49 - INFO | 273 | - playG.py - Your have set backup option: True
18:23:49 - INFO | 277 | - playG.py - backup done, file stored at: backups/oldFile.csv.bck
18:23:49 - INFO | 279 | - playG.py - New sorted file override.
18:23:49 - INFO | 331 | - playG.py - Sorting completed successfully.
18:25:34 - INFO | 81 | - playG.py - File validation start...
18:25:34 - INFO | 104 | - playG.py - File validation end..
18:25:34 - INFO | 388 | - playG.py - file Validation Complete
18:25:34 - INFO | 114 | - playG.py - Header validation start...
18:25:34 - INFO | 132 | - playG.py - Header validation end...
18:25:34 - INFO | 402 | - playG.py - Header Validation Complete
18:25:34 - INFO | 295 | - playG.py - Starting sorting on file: ../data/csv/oldFile.csv by column: ID
18:25:34 - INFO | 211 | - playG.py - processing chunking with chunk  size of: 200
18:25:34 - INFO | 232 | - playG.py - processing done for chunk: 1
18:25:34 - INFO | 232 | - playG.py - processing done for chunk: 2
18:25:34 - INFO | 232 | - playG.py - processing done for chunk: 3
18:25:34 - INFO | 232 | - playG.py - processing done for chunk: 4
18:25:34 - INFO | 244 | - playG.py - processing done for chunk: 5
18:25:34 - INFO | 246 | - playG.py - Chunking process done
18:25:34 - INFO | 250 | - playG.py - Merging all chunked files...
18:25:34 - INFO | 273 | - playG.py - Your have set backup option: True
18:25:34 - INFO | 277 | - playG.py - backup done, file stored at: backups/oldFile.csv.bck
18:25:34 - INFO | 279 | - playG.py - New sorted file override.
18:25:34 - INFO | 331 | - playG.py - Sorting completed successfully.
18:25:34 - INFO | 365 | - playG.py - NEW USER FILE HAS WRITTEN  at : ../data/csv/new_users.csv
